18-10-20 17:21:35 - INFO - Sensor values successfully persistet in db
18-10-20 17:21:35 - INFO - Job "query_sensor_values (trigger: interval[0:00:02], next run at: 2020-10-18 17:21:35 CEST)" executed successfully
18-10-20 17:21:35 - INFO - Running job "query_sensor_values (trigger: interval[0:00:02], next run at: 2020-10-18 17:21:37 CEST)" (scheduled at 2020-10-18 17:21:35.141449+02:00)
18-10-20 17:21:35 - INFO - Running job "run_water_check (trigger: interval[0:00:03], next run at: 2020-10-18 17:21:38 CEST)" (scheduled at 2020-10-18 17:21:35.144440+02:00)
18-10-20 17:21:35 - WARNING - Moisture of Aji Lemon Drop / Piemento de Padron - 2 is to high!
18-10-20 17:21:35 - INFO - Job "run_water_check (trigger: interval[0:00:03], next run at: 2020-10-18 17:21:38 CEST)" executed successfully
18-10-20 17:21:37 - WARNING - Execution of job "query_sensor_values (trigger: interval[0:00:02], next run at: 2020-10-18 17:21:37 CEST)" skipped: maximum number of running instances reached (1)
18-10-20 17:21:38 - INFO - Running job "run_water_check (trigger: interval[0:00:03], next run at: 2020-10-18 17:21:41 CEST)" (scheduled at 2020-10-18 17:21:38.144440+02:00)
18-10-20 17:21:38 - WARNING - Moisture of Aji Lemon Drop / Piemento de Padron - 2 is to high!
18-10-20 17:21:38 - INFO - Job "run_water_check (trigger: interval[0:00:03], next run at: 2020-10-18 17:21:41 CEST)" executed successfully
18-10-20 17:21:39 - WARNING - Execution of job "query_sensor_values (trigger: interval[0:00:02], next run at: 2020-10-18 17:21:39 CEST)" skipped: maximum number of running instances reached (1)
18-10-20 17:21:41 - WARNING - Execution of job "query_sensor_values (trigger: interval[0:00:02], next run at: 2020-10-18 17:21:41 CEST)" skipped: maximum number of running instances reached (1)
18-10-20 17:21:41 - INFO - Running job "run_water_check (trigger: interval[0:00:03], next run at: 2020-10-18 17:21:44 CEST)" (scheduled at 2020-10-18 17:21:41.144440+02:00)
18-10-20 17:21:41 - WARNING - Moisture of Aji Lemon Drop / Piemento de Padron - 2 is to high!
18-10-20 17:21:41 - INFO - Job "run_water_check (trigger: interval[0:00:03], next run at: 2020-10-18 17:21:44 CEST)" executed successfully
18-10-20 18:21:09 - INFO - Adding job tentatively -- it will be properly scheduled when the scheduler starts
18-10-20 18:21:09 - INFO - Adding job tentatively -- it will be properly scheduled when the scheduler starts
18-10-20 18:21:09 - INFO - Added job "query_sensor_values" to job store "default"
18-10-20 18:21:09 - INFO - Added job "run_water_check" to job store "default"
18-10-20 18:21:09 - INFO - Scheduler started
18-10-20 18:21:19 - INFO - Running job "query_sensor_values (trigger: interval[0:00:10], next run at: 2020-10-18 18:21:19 CEST)" (scheduled at 2020-10-18 18:21:19.460431+02:00)
18-10-20 18:21:24 - INFO - Running job "run_water_check (trigger: interval[0:00:15], next run at: 2020-10-18 18:21:24 CEST)" (scheduled at 2020-10-18 18:21:24.461901+02:00)
18-10-20 18:21:24 - ERROR - Job "run_water_check (trigger: interval[0:00:15], next run at: 2020-10-18 18:21:39 CEST)" raised an exception
Traceback (most recent call last):
  File "/home/pi/.local/lib/python3.7/site-packages/apscheduler/executors/base.py", line 125, in run_job
    retval = job.func(*job.args, **job.kwargs)
  File "/home/pi/Projects/plant-water-system/src/water_system_runner.py", line 77, in run_water_check
    for plant in latest_data['plants']:
TypeError: 'NoneType' object is not subscriptable
18-10-20 18:21:24 - ERROR - EVENT_JOB_ERROR: 'NoneType' object is not subscriptable
18-10-20 18:21:29 - INFO - Sensor values successfully persistet in db
18-10-20 18:21:29 - INFO - Job "query_sensor_values (trigger: interval[0:00:10], next run at: 2020-10-18 18:21:29 CEST)" executed successfully
18-10-20 18:21:29 - INFO - Running job "query_sensor_values (trigger: interval[0:00:10], next run at: 2020-10-18 18:21:29 CEST)" (scheduled at 2020-10-18 18:21:29.460431+02:00)
18-10-20 18:21:39 - WARNING - Execution of job "query_sensor_values (trigger: interval[0:00:10], next run at: 2020-10-18 18:21:39 CEST)" skipped: maximum number of running instances reached (1)
18-10-20 18:21:39 - INFO - Running job "run_water_check (trigger: interval[0:00:15], next run at: 2020-10-18 18:21:39 CEST)" (scheduled at 2020-10-18 18:21:39.461901+02:00)
18-10-20 18:21:39 - WARNING - Moisture of Aji Lemon Drop / Piemento de Padron - 2 is to high!
18-10-20 18:21:39 - INFO - Job "run_water_check (trigger: interval[0:00:15], next run at: 2020-10-18 18:21:39 CEST)" executed successfully
18-10-20 18:21:40 - INFO - Sensor values successfully persistet in db
18-10-20 18:21:40 - INFO - Job "query_sensor_values (trigger: interval[0:00:10], next run at: 2020-10-18 18:21:49 CEST)" executed successfully
18-10-20 20:40:56 - INFO - Adding job tentatively -- it will be properly scheduled when the scheduler starts
18-10-20 20:40:56 - INFO - Adding job tentatively -- it will be properly scheduled when the scheduler starts
18-10-20 20:40:56 - INFO - Added job "query_sensor_values" to job store "default"
18-10-20 20:40:56 - INFO - Added job "run_water_check" to job store "default"
18-10-20 20:40:56 - INFO - Scheduler started
18-10-20 20:41:06 - INFO - Running job "query_sensor_values (trigger: interval[0:00:10], next run at: 2020-10-18 20:41:06 CEST)" (scheduled at 2020-10-18 20:41:06.087811+02:00)
18-10-20 20:41:11 - INFO - Running job "run_water_check (trigger: interval[0:00:15], next run at: 2020-10-18 20:41:11 CEST)" (scheduled at 2020-10-18 20:41:11.090286+02:00)
18-10-20 20:41:11 - WARNING - Moisture of Aji Lemon Drop / Piemento de Padron - 2 is to high!
18-10-20 20:41:11 - INFO - Job "run_water_check (trigger: interval[0:00:15], next run at: 2020-10-18 20:41:26 CEST)" executed successfully
18-10-20 20:41:15 - INFO - Sensor values successfully persistet in db
18-10-20 20:41:15 - INFO - Job "query_sensor_values (trigger: interval[0:00:10], next run at: 2020-10-18 20:41:16 CEST)" executed successfully
18-10-20 20:41:16 - INFO - Running job "query_sensor_values (trigger: interval[0:00:10], next run at: 2020-10-18 20:41:16 CEST)" (scheduled at 2020-10-18 20:41:16.087811+02:00)
18-10-20 20:41:26 - WARNING - Execution of job "query_sensor_values (trigger: interval[0:00:10], next run at: 2020-10-18 20:41:26 CEST)" skipped: maximum number of running instances reached (1)
18-10-20 20:41:26 - INFO - Running job "run_water_check (trigger: interval[0:00:15], next run at: 2020-10-18 20:41:26 CEST)" (scheduled at 2020-10-18 20:41:26.090286+02:00)
18-10-20 20:41:26 - INFO - Job "run_water_check (trigger: interval[0:00:15], next run at: 2020-10-18 20:41:41 CEST)" executed successfully
18-10-20 20:41:27 - INFO - Sensor values successfully persistet in db
18-10-20 20:41:27 - INFO - Job "query_sensor_values (trigger: interval[0:00:10], next run at: 2020-10-18 20:41:36 CEST)" executed successfully
22-10-20 22:56:58 - INFO - Adding job tentatively -- it will be properly scheduled when the scheduler starts
22-10-20 22:56:58 - INFO - Adding job tentatively -- it will be properly scheduled when the scheduler starts
22-10-20 22:56:58 - INFO - Added job "query_sensor_values" to job store "default"
22-10-20 22:56:58 - INFO - Added job "run_water_check" to job store "default"
22-10-20 22:56:58 - INFO - Scheduler started
22-10-20 22:57:28 - INFO - Running job "query_sensor_values (trigger: interval[0:00:30], next run at: 2020-10-22 22:57:28 CEST)" (scheduled at 2020-10-22 22:57:28.812865+02:00)
22-10-20 22:57:35 - INFO - Sensor values successfully persistet in db
22-10-20 22:57:35 - INFO - Job "query_sensor_values (trigger: interval[0:00:30], next run at: 2020-10-22 22:57:58 CEST)" executed successfully
22-10-20 22:57:58 - INFO - Running job "query_sensor_values (trigger: interval[0:00:30], next run at: 2020-10-22 22:57:58 CEST)" (scheduled at 2020-10-22 22:57:58.812865+02:00)
22-10-20 22:57:58 - INFO - Running job "run_water_check (trigger: interval[0:01:00], next run at: 2020-10-22 22:57:58 CEST)" (scheduled at 2020-10-22 22:57:58.815911+02:00)
22-10-20 22:58:04 - INFO - Job "run_water_check (trigger: interval[0:01:00], next run at: 2020-10-22 22:58:58 CEST)" executed successfully
22-10-20 22:58:05 - INFO - Sensor values successfully persistet in db
22-10-20 22:58:05 - INFO - Job "query_sensor_values (trigger: interval[0:00:30], next run at: 2020-10-22 22:58:28 CEST)" executed successfully
22-10-20 22:58:28 - INFO - Running job "query_sensor_values (trigger: interval[0:00:30], next run at: 2020-10-22 22:58:28 CEST)" (scheduled at 2020-10-22 22:58:28.812865+02:00)
22-10-20 22:58:33 - INFO - Sensor values successfully persistet in db
22-10-20 22:58:34 - INFO - Job "query_sensor_values (trigger: interval[0:00:30], next run at: 2020-10-22 22:58:58 CEST)" executed successfully
22-10-20 22:58:58 - INFO - Running job "query_sensor_values (trigger: interval[0:00:30], next run at: 2020-10-22 22:58:58 CEST)" (scheduled at 2020-10-22 22:58:58.812865+02:00)
22-10-20 22:58:58 - INFO - Running job "run_water_check (trigger: interval[0:01:00], next run at: 2020-10-22 22:58:58 CEST)" (scheduled at 2020-10-22 22:58:58.815911+02:00)
22-10-20 22:59:02 - INFO - Sensor values successfully persistet in db
22-10-20 22:59:02 - INFO - Job "query_sensor_values (trigger: interval[0:00:30], next run at: 2020-10-22 22:59:28 CEST)" executed successfully
22-10-20 22:59:04 - INFO - Job "run_water_check (trigger: interval[0:01:00], next run at: 2020-10-22 22:59:58 CEST)" executed successfully
22-10-20 23:15:06 - INFO - Adding job tentatively -- it will be properly scheduled when the scheduler starts
22-10-20 23:15:06 - INFO - Adding job tentatively -- it will be properly scheduled when the scheduler starts
22-10-20 23:15:06 - INFO - Added job "query_sensor_values" to job store "default"
22-10-20 23:15:06 - INFO - Added job "run_water_check" to job store "default"
22-10-20 23:15:06 - INFO - Scheduler started
22-10-20 23:15:36 - INFO - Running job "query_sensor_values (trigger: interval[0:00:30], next run at: 2020-10-22 23:15:36 CEST)" (scheduled at 2020-10-22 23:15:36.518011+02:00)
22-10-20 23:15:41 - INFO - Sensor values successfully persistet in db
22-10-20 23:15:42 - INFO - Job "query_sensor_values (trigger: interval[0:00:30], next run at: 2020-10-22 23:16:06 CEST)" executed successfully
22-10-20 23:16:06 - INFO - Running job "query_sensor_values (trigger: interval[0:00:30], next run at: 2020-10-22 23:16:06 CEST)" (scheduled at 2020-10-22 23:16:06.518011+02:00)
22-10-20 23:16:06 - INFO - Running job "run_water_check (trigger: interval[0:01:00], next run at: 2020-10-22 23:16:06 CEST)" (scheduled at 2020-10-22 23:16:06.519342+02:00)
22-10-20 23:16:06 - INFO - Job "run_water_check (trigger: interval[0:01:00], next run at: 2020-10-22 23:17:06 CEST)" executed successfully
22-10-20 23:16:11 - INFO - Sensor values successfully persistet in db
22-10-20 23:16:11 - INFO - Job "query_sensor_values (trigger: interval[0:00:30], next run at: 2020-10-22 23:16:36 CEST)" executed successfully
22-10-20 23:16:36 - INFO - Running job "query_sensor_values (trigger: interval[0:00:30], next run at: 2020-10-22 23:16:36 CEST)" (scheduled at 2020-10-22 23:16:36.518011+02:00)
22-10-20 23:16:40 - INFO - Sensor values successfully persistet in db
22-10-20 23:16:40 - INFO - Job "query_sensor_values (trigger: interval[0:00:30], next run at: 2020-10-22 23:17:06 CEST)" executed successfully
22-10-20 23:17:06 - INFO - Running job "query_sensor_values (trigger: interval[0:00:30], next run at: 2020-10-22 23:17:06 CEST)" (scheduled at 2020-10-22 23:17:06.518011+02:00)
22-10-20 23:17:06 - INFO - Running job "run_water_check (trigger: interval[0:01:00], next run at: 2020-10-22 23:17:06 CEST)" (scheduled at 2020-10-22 23:17:06.519342+02:00)
22-10-20 23:17:06 - INFO - Job "run_water_check (trigger: interval[0:01:00], next run at: 2020-10-22 23:18:06 CEST)" executed successfully
22-10-20 23:17:13 - INFO - Sensor values successfully persistet in db
22-10-20 23:17:14 - INFO - Job "query_sensor_values (trigger: interval[0:00:30], next run at: 2020-10-22 23:17:36 CEST)" executed successfully
22-10-20 23:17:36 - INFO - Running job "query_sensor_values (trigger: interval[0:00:30], next run at: 2020-10-22 23:17:36 CEST)" (scheduled at 2020-10-22 23:17:36.518011+02:00)
22-10-20 23:17:42 - INFO - Sensor values successfully persistet in db
22-10-20 23:17:42 - INFO - Job "query_sensor_values (trigger: interval[0:00:30], next run at: 2020-10-22 23:18:06 CEST)" executed successfully
22-10-20 23:18:06 - INFO - Running job "query_sensor_values (trigger: interval[0:00:30], next run at: 2020-10-22 23:18:06 CEST)" (scheduled at 2020-10-22 23:18:06.518011+02:00)
22-10-20 23:18:06 - INFO - Running job "run_water_check (trigger: interval[0:01:00], next run at: 2020-10-22 23:18:06 CEST)" (scheduled at 2020-10-22 23:18:06.519342+02:00)
22-10-20 23:18:10 - INFO - Job "run_water_check (trigger: interval[0:01:00], next run at: 2020-10-22 23:19:06 CEST)" executed successfully
22-10-20 23:18:12 - INFO - Sensor values successfully persistet in db
22-10-20 23:18:12 - INFO - Job "query_sensor_values (trigger: interval[0:00:30], next run at: 2020-10-22 23:18:36 CEST)" executed successfully
22-10-20 23:18:36 - INFO - Running job "query_sensor_values (trigger: interval[0:00:30], next run at: 2020-10-22 23:18:36 CEST)" (scheduled at 2020-10-22 23:18:36.518011+02:00)
22-10-20 23:18:40 - INFO - Sensor values successfully persistet in db
22-10-20 23:18:40 - INFO - Job "query_sensor_values (trigger: interval[0:00:30], next run at: 2020-10-22 23:19:06 CEST)" executed successfully
22-10-20 23:19:06 - INFO - Running job "query_sensor_values (trigger: interval[0:00:30], next run at: 2020-10-22 23:19:36 CEST)" (scheduled at 2020-10-22 23:19:06.518011+02:00)
22-10-20 23:19:06 - INFO - Running job "run_water_check (trigger: interval[0:01:00], next run at: 2020-10-22 23:20:06 CEST)" (scheduled at 2020-10-22 23:19:06.519342+02:00)
22-10-20 23:19:10 - INFO - Job "run_water_check (trigger: interval[0:01:00], next run at: 2020-10-22 23:20:06 CEST)" executed successfully
22-10-20 23:19:11 - INFO - Sensor values successfully persistet in db
22-10-20 23:19:11 - INFO - Job "query_sensor_values (trigger: interval[0:00:30], next run at: 2020-10-22 23:19:36 CEST)" executed successfully
22-10-20 23:19:36 - INFO - Running job "query_sensor_values (trigger: interval[0:00:30], next run at: 2020-10-22 23:20:06 CEST)" (scheduled at 2020-10-22 23:19:36.518011+02:00)
22-10-20 23:19:41 - INFO - Sensor values successfully persistet in db
22-10-20 23:19:41 - INFO - Job "query_sensor_values (trigger: interval[0:00:30], next run at: 2020-10-22 23:20:06 CEST)" executed successfully
22-10-20 23:20:06 - INFO - Running job "query_sensor_values (trigger: interval[0:00:30], next run at: 2020-10-22 23:20:36 CEST)" (scheduled at 2020-10-22 23:20:06.518011+02:00)
22-10-20 23:20:06 - INFO - Running job "run_water_check (trigger: interval[0:01:00], next run at: 2020-10-22 23:21:06 CEST)" (scheduled at 2020-10-22 23:20:06.519342+02:00)
22-10-20 23:20:06 - INFO - Job "run_water_check (trigger: interval[0:01:00], next run at: 2020-10-22 23:21:06 CEST)" executed successfully
22-10-20 23:20:11 - INFO - Sensor values successfully persistet in db
22-10-20 23:20:11 - INFO - Job "query_sensor_values (trigger: interval[0:00:30], next run at: 2020-10-22 23:20:36 CEST)" executed successfully
22-10-20 23:20:36 - INFO - Running job "query_sensor_values (trigger: interval[0:00:30], next run at: 2020-10-22 23:21:06 CEST)" (scheduled at 2020-10-22 23:20:36.518011+02:00)
22-10-20 23:20:40 - INFO - Sensor values successfully persistet in db
22-10-20 23:20:40 - INFO - Job "query_sensor_values (trigger: interval[0:00:30], next run at: 2020-10-22 23:21:06 CEST)" executed successfully
22-10-20 23:21:06 - INFO - Running job "query_sensor_values (trigger: interval[0:00:30], next run at: 2020-10-22 23:21:36 CEST)" (scheduled at 2020-10-22 23:21:06.518011+02:00)
22-10-20 23:21:06 - INFO - Running job "run_water_check (trigger: interval[0:01:00], next run at: 2020-10-22 23:22:06 CEST)" (scheduled at 2020-10-22 23:21:06.519342+02:00)
22-10-20 23:21:06 - INFO - Job "run_water_check (trigger: interval[0:01:00], next run at: 2020-10-22 23:22:06 CEST)" executed successfully
22-10-20 23:21:16 - INFO - Sensor values successfully persistet in db
22-10-20 23:21:16 - INFO - Job "query_sensor_values (trigger: interval[0:00:30], next run at: 2020-10-22 23:21:36 CEST)" executed successfully
22-10-20 23:21:36 - INFO - Running job "query_sensor_values (trigger: interval[0:00:30], next run at: 2020-10-22 23:22:06 CEST)" (scheduled at 2020-10-22 23:21:36.518011+02:00)
22-10-20 23:21:44 - INFO - Sensor values successfully persistet in db
22-10-20 23:21:44 - INFO - Job "query_sensor_values (trigger: interval[0:00:30], next run at: 2020-10-22 23:22:06 CEST)" executed successfully
22-10-20 23:22:06 - INFO - Running job "query_sensor_values (trigger: interval[0:00:30], next run at: 2020-10-22 23:22:36 CEST)" (scheduled at 2020-10-22 23:22:06.518011+02:00)
22-10-20 23:22:06 - INFO - Running job "run_water_check (trigger: interval[0:01:00], next run at: 2020-10-22 23:23:06 CEST)" (scheduled at 2020-10-22 23:22:06.519342+02:00)
22-10-20 23:22:09 - INFO - Job "run_water_check (trigger: interval[0:01:00], next run at: 2020-10-22 23:23:06 CEST)" executed successfully
22-10-20 23:22:12 - INFO - Sensor values successfully persistet in db
22-10-20 23:22:12 - INFO - Job "query_sensor_values (trigger: interval[0:00:30], next run at: 2020-10-22 23:22:36 CEST)" executed successfully
22-10-20 23:22:36 - INFO - Running job "query_sensor_values (trigger: interval[0:00:30], next run at: 2020-10-22 23:23:06 CEST)" (scheduled at 2020-10-22 23:22:36.518011+02:00)
22-10-20 23:22:40 - INFO - Sensor values successfully persistet in db
22-10-20 23:22:40 - INFO - Job "query_sensor_values (trigger: interval[0:00:30], next run at: 2020-10-22 23:23:06 CEST)" executed successfully
22-10-20 23:23:06 - INFO - Running job "query_sensor_values (trigger: interval[0:00:30], next run at: 2020-10-22 23:23:36 CEST)" (scheduled at 2020-10-22 23:23:06.518011+02:00)
22-10-20 23:23:06 - INFO - Running job "run_water_check (trigger: interval[0:01:00], next run at: 2020-10-22 23:24:06 CEST)" (scheduled at 2020-10-22 23:23:06.519342+02:00)
22-10-20 23:23:09 - INFO - Job "run_water_check (trigger: interval[0:01:00], next run at: 2020-10-22 23:24:06 CEST)" executed successfully
22-10-20 23:23:10 - INFO - Sensor values successfully persistet in db
22-10-20 23:23:10 - INFO - Job "query_sensor_values (trigger: interval[0:00:30], next run at: 2020-10-22 23:23:36 CEST)" executed successfully
22-10-20 23:23:36 - INFO - Running job "query_sensor_values (trigger: interval[0:00:30], next run at: 2020-10-22 23:24:06 CEST)" (scheduled at 2020-10-22 23:23:36.518011+02:00)
22-10-20 23:23:42 - INFO - Sensor values successfully persistet in db
22-10-20 23:23:43 - INFO - Job "query_sensor_values (trigger: interval[0:00:30], next run at: 2020-10-22 23:24:06 CEST)" executed successfully
22-10-20 23:24:06 - INFO - Running job "query_sensor_values (trigger: interval[0:00:30], next run at: 2020-10-22 23:24:36 CEST)" (scheduled at 2020-10-22 23:24:06.518011+02:00)
22-10-20 23:24:06 - INFO - Running job "run_water_check (trigger: interval[0:01:00], next run at: 2020-10-22 23:25:06 CEST)" (scheduled at 2020-10-22 23:24:06.519342+02:00)
22-10-20 23:24:06 - WARNING - Moisture of Aji Lemon Drop / Piemento de Padron - 2 is to high!
22-10-20 23:24:06 - INFO - Job "run_water_check (trigger: interval[0:01:00], next run at: 2020-10-22 23:25:06 CEST)" executed successfully
22-10-20 23:24:13 - INFO - Sensor values successfully persistet in db
22-10-20 23:24:13 - INFO - Job "query_sensor_values (trigger: interval[0:00:30], next run at: 2020-10-22 23:24:36 CEST)" executed successfully
22-10-20 23:24:36 - INFO - Running job "query_sensor_values (trigger: interval[0:00:30], next run at: 2020-10-22 23:25:06 CEST)" (scheduled at 2020-10-22 23:24:36.518011+02:00)
22-10-20 23:24:41 - INFO - Sensor values successfully persistet in db
22-10-20 23:24:41 - INFO - Job "query_sensor_values (trigger: interval[0:00:30], next run at: 2020-10-22 23:25:06 CEST)" executed successfully
22-10-20 23:25:06 - INFO - Running job "query_sensor_values (trigger: interval[0:00:30], next run at: 2020-10-22 23:25:36 CEST)" (scheduled at 2020-10-22 23:25:06.518011+02:00)
22-10-20 23:25:06 - INFO - Running job "run_water_check (trigger: interval[0:01:00], next run at: 2020-10-22 23:26:06 CEST)" (scheduled at 2020-10-22 23:25:06.519342+02:00)
22-10-20 23:25:06 - WARNING - Moisture of Aji Lemon Drop / Piemento de Padron - 2 is to high!
22-10-20 23:25:06 - INFO - Job "run_water_check (trigger: interval[0:01:00], next run at: 2020-10-22 23:26:06 CEST)" executed successfully
22-10-20 23:25:16 - INFO - Sensor values successfully persistet in db
22-10-20 23:25:16 - INFO - Job "query_sensor_values (trigger: interval[0:00:30], next run at: 2020-10-22 23:25:36 CEST)" executed successfully
22-10-20 23:25:36 - INFO - Running job "query_sensor_values (trigger: interval[0:00:30], next run at: 2020-10-22 23:26:06 CEST)" (scheduled at 2020-10-22 23:25:36.518011+02:00)
22-10-20 23:36:50 - INFO - Adding job tentatively -- it will be properly scheduled when the scheduler starts
22-10-20 23:36:50 - INFO - Adding job tentatively -- it will be properly scheduled when the scheduler starts
22-10-20 23:36:50 - INFO - Added job "query_sensor_values" to job store "default"
22-10-20 23:36:50 - INFO - Added job "run_water_check" to job store "default"
22-10-20 23:36:50 - INFO - Scheduler started
22-10-20 23:37:20 - INFO - Running job "query_sensor_values (trigger: interval[0:00:30], next run at: 2020-10-22 23:37:20 CEST)" (scheduled at 2020-10-22 23:37:20.774824+02:00)
22-10-20 23:37:25 - INFO - Sensor values successfully persistet in db
22-10-20 23:37:25 - INFO - Job "query_sensor_values (trigger: interval[0:00:30], next run at: 2020-10-22 23:37:50 CEST)" executed successfully
22-10-20 23:37:25 - WARNING - UNKNOWN_EVENT: <JobExecutionEvent (code=4096)>
22-10-20 23:38:35 - INFO - Adding job tentatively -- it will be properly scheduled when the scheduler starts
22-10-20 23:38:35 - INFO - Adding job tentatively -- it will be properly scheduled when the scheduler starts
22-10-20 23:38:35 - INFO - Added job "query_sensor_values" to job store "default"
22-10-20 23:38:35 - INFO - Added job "run_water_check" to job store "default"
22-10-20 23:38:35 - INFO - Scheduler started
22-10-20 23:39:05 - INFO - Running job "query_sensor_values (trigger: interval[0:00:30], next run at: 2020-10-22 23:39:05 CEST)" (scheduled at 2020-10-22 23:39:05.532432+02:00)
22-10-20 23:39:11 - INFO - Sensor values successfully persistet in db
22-10-20 23:39:11 - INFO - Job "query_sensor_values (trigger: interval[0:00:30], next run at: 2020-10-22 23:39:35 CEST)" executed successfully
22-10-20 23:39:11 - WARNING - UNKNOWN_EVENT: <JobExecutionEvent (code=4096)>
22-10-20 23:39:35 - INFO - Running job "query_sensor_values (trigger: interval[0:00:30], next run at: 2020-10-22 23:39:35 CEST)" (scheduled at 2020-10-22 23:39:35.532432+02:00)
22-10-20 23:39:35 - INFO - Running job "run_water_check (trigger: interval[0:01:00], next run at: 2020-10-22 23:39:35 CEST)" (scheduled at 2020-10-22 23:39:35.533938+02:00)
22-10-20 23:39:35 - WARNING - Moisture of Aji Lemon Drop / Piemento de Padron - 2 is to high!
22-10-20 23:42:12 - INFO - Adding job tentatively -- it will be properly scheduled when the scheduler starts
22-10-20 23:42:12 - INFO - Adding job tentatively -- it will be properly scheduled when the scheduler starts
22-10-20 23:42:12 - INFO - Added job "query_sensor_values" to job store "default"
22-10-20 23:42:12 - INFO - Added job "run_water_check" to job store "default"
22-10-20 23:42:12 - INFO - Scheduler started
22-10-20 23:42:42 - INFO - Running job "query_sensor_values (trigger: interval[0:00:30], next run at: 2020-10-22 23:42:42 CEST)" (scheduled at 2020-10-22 23:42:42.246519+02:00)
22-10-20 23:42:47 - INFO - Sensor values successfully persistet in db
22-10-20 23:42:47 - INFO - Job "query_sensor_values (trigger: interval[0:00:30], next run at: 2020-10-22 23:43:12 CEST)" executed successfully
22-10-20 23:42:47 - WARNING - UNKNOWN_EVENT: <JobExecutionEvent (code=4096)>
22-10-20 23:43:12 - INFO - Running job "query_sensor_values (trigger: interval[0:00:30], next run at: 2020-10-22 23:43:12 CEST)" (scheduled at 2020-10-22 23:43:12.246519+02:00)
22-10-20 23:43:12 - INFO - Running job "run_water_check (trigger: interval[0:01:00], next run at: 2020-10-22 23:43:12 CEST)" (scheduled at 2020-10-22 23:43:12.247962+02:00)
22-10-20 23:43:12 - WARNING - Moisture of Aji Lemon Drop / Piemento de Padron - 2 is to high!
22-10-20 23:43:16 - ERROR - Job "run_water_check (trigger: interval[0:01:00], next run at: 2020-10-22 23:44:12 CEST)" raised an exception
Traceback (most recent call last):
  File "/home/pi/.local/lib/python3.7/site-packages/apscheduler/executors/base.py", line 125, in run_job
    retval = job.func(*job.args, **job.kwargs)
  File "/home/pi/Projects/plant-water-system/src/water_system_runner.py", line 112, in run_water_check
    plant_name = plant_config['name']
KeyError: 'name'
22-10-20 23:43:16 - ERROR - EVENT_JOB_ERROR: 'name'
22-10-20 23:46:08 - INFO - Adding job tentatively -- it will be properly scheduled when the scheduler starts
22-10-20 23:46:08 - INFO - Adding job tentatively -- it will be properly scheduled when the scheduler starts
22-10-20 23:46:08 - INFO - Added job "query_sensor_values" to job store "default"
22-10-20 23:46:08 - INFO - Added job "run_water_check" to job store "default"
22-10-20 23:46:08 - INFO - Scheduler started
22-10-20 23:46:38 - INFO - Running job "query_sensor_values (trigger: interval[0:00:30], next run at: 2020-10-22 23:46:38 CEST)" (scheduled at 2020-10-22 23:46:38.560568+02:00)
22-10-20 23:46:43 - INFO - Sensor values successfully persistet in db
22-10-20 23:46:43 - INFO - Job "query_sensor_values (trigger: interval[0:00:30], next run at: 2020-10-22 23:47:08 CEST)" executed successfully
22-10-20 23:46:43 - WARNING - UNKNOWN_EVENT: <JobExecutionEvent (code=4096)>
22-10-20 23:47:08 - INFO - Running job "query_sensor_values (trigger: interval[0:00:30], next run at: 2020-10-22 23:47:08 CEST)" (scheduled at 2020-10-22 23:47:08.560568+02:00)
22-10-20 23:47:08 - INFO - Running job "run_water_check (trigger: interval[0:01:00], next run at: 2020-10-22 23:47:08 CEST)" (scheduled at 2020-10-22 23:47:08.563122+02:00)
22-10-20 23:47:11 - INFO - Run water pump for Aji Lemon Drop / Piemento de Padron
22-10-20 23:47:11 - INFO - Job "run_water_check (trigger: interval[0:01:00], next run at: 2020-10-22 23:48:08 CEST)" executed successfully
22-10-20 23:47:11 - WARNING - UNKNOWN_EVENT: <JobExecutionEvent (code=4096)>
22-10-20 23:47:13 - INFO - Sensor values successfully persistet in db
22-10-20 23:47:13 - INFO - Job "query_sensor_values (trigger: interval[0:00:30], next run at: 2020-10-22 23:47:38 CEST)" executed successfully
22-10-20 23:47:13 - WARNING - UNKNOWN_EVENT: <JobExecutionEvent (code=4096)>
22-10-20 23:48:55 - INFO - Adding job tentatively -- it will be properly scheduled when the scheduler starts
22-10-20 23:48:55 - INFO - Adding job tentatively -- it will be properly scheduled when the scheduler starts
22-10-20 23:48:55 - INFO - Added job "query_sensor_values" to job store "default"
22-10-20 23:48:55 - INFO - Added job "run_water_check" to job store "default"
22-10-20 23:48:55 - INFO - Scheduler started
22-10-20 23:49:25 - INFO - Running job "query_sensor_values (trigger: interval[0:00:30], next run at: 2020-10-22 23:49:25 CEST)" (scheduled at 2020-10-22 23:49:25.869870+02:00)
22-10-20 23:49:31 - INFO - Sensor values successfully persistet in db
22-10-20 23:49:31 - INFO - Job "query_sensor_values (trigger: interval[0:00:30], next run at: 2020-10-22 23:49:55 CEST)" executed successfully
22-10-20 23:49:55 - INFO - Running job "query_sensor_values (trigger: interval[0:00:30], next run at: 2020-10-22 23:49:55 CEST)" (scheduled at 2020-10-22 23:49:55.869870+02:00)
22-10-20 23:49:55 - INFO - Running job "run_water_check (trigger: interval[0:01:00], next run at: 2020-10-22 23:49:55 CEST)" (scheduled at 2020-10-22 23:49:55.871212+02:00)
22-10-20 23:49:58 - INFO - Run water pump for Aji Lemon Drop / Piemento de Padron
22-10-20 23:50:00 - INFO - Sensor values successfully persistet in db
22-10-20 23:50:01 - INFO - Job "query_sensor_values (trigger: interval[0:00:30], next run at: 2020-10-22 23:50:25 CEST)" executed successfully
22-10-20 23:50:02 - INFO - Run water pump for Piemento de Padron / Limon
22-10-20 23:50:02 - INFO - Job "run_water_check (trigger: interval[0:01:00], next run at: 2020-10-22 23:50:55 CEST)" executed successfully
